g:\dev\workspace\ray_tracer\opencl\smooth reflections [+orb camera] [+serialization]\raytracer ver.2.2\x64\release\vc141.pdb
g:\dev\workspace\ray_tracer\opencl\smooth reflections [+orb camera] [+serialization]\raytracer ver.2.2\x64\release\util.obj
g:\dev\workspace\ray_tracer\opencl\smooth reflections [+orb camera] [+serialization]\raytracer ver.2.2\x64\release\splitbvhbuilder.obj
g:\dev\workspace\ray_tracer\opencl\smooth reflections [+orb camera] [+serialization]\raytracer ver.2.2\x64\release\sort.obj
g:\dev\workspace\ray_tracer\opencl\smooth reflections [+orb camera] [+serialization]\raytracer ver.2.2\x64\release\raytracer.obj
g:\dev\workspace\ray_tracer\opencl\smooth reflections [+orb camera] [+serialization]\raytracer ver.2.2\x64\release\pugixml.obj
g:\dev\workspace\ray_tracer\opencl\smooth reflections [+orb camera] [+serialization]\raytracer ver.2.2\x64\release\platform.obj
g:\dev\workspace\ray_tracer\opencl\smooth reflections [+orb camera] [+serialization]\raytracer ver.2.2\x64\release\mesh.obj
g:\dev\workspace\ray_tracer\opencl\smooth reflections [+orb camera] [+serialization]\raytracer ver.2.2\x64\release\fluidsimulation2d.obj
g:\dev\workspace\ray_tracer\opencl\smooth reflections [+orb camera] [+serialization]\raytracer ver.2.2\x64\release\colorscale.obj
g:\dev\workspace\ray_tracer\opencl\smooth reflections [+orb camera] [+serialization]\raytracer ver.2.2\x64\release\colladaloader.obj
g:\dev\workspace\ray_tracer\opencl\smooth reflections [+orb camera] [+serialization]\raytracer ver.2.2\x64\release\camera.obj
g:\dev\workspace\ray_tracer\opencl\smooth reflections [+orb camera] [+serialization]\raytracer ver.2.2\x64\release\bvh_node.obj
g:\dev\workspace\ray_tracer\opencl\smooth reflections [+orb camera] [+serialization]\raytracer ver.2.2\x64\release\bvh_cuda.obj
g:\dev\workspace\ray_tracer\opencl\smooth reflections [+orb camera] [+serialization]\raytracer ver.2.2\x64\release\bvhnode.obj
g:\dev\workspace\ray_tracer\opencl\smooth reflections [+orb camera] [+serialization]\raytracer ver.2.2\x64\release\bvh2.obj
g:\dev\workspace\ray_tracer\opencl\smooth reflections [+orb camera] [+serialization]\raytracer ver.2.2\x64\release\bvh.obj
g:\dev\workspace\ray_tracer\opencl\smooth reflections [+orb camera] [+serialization]\raytracer ver.2.2\x64\release\aabb.obj
g:\dev\workspace\ray_tracer\opencl\smooth reflections [+orb camera] [+serialization]\raytracer ver.2.2\x64\release\raytracer.ipdb
g:\dev\workspace\ray_tracer\opencl\smooth reflections [+orb camera] [+serialization]\raytracer ver.2.2\x64\release\raytracer.iobj
g:\dev\workspace\ray_tracer\opencl\smooth reflections [+orb camera] [+serialization]\raytracer ver.2.2\x64\release\raytracer.pdb
g:\dev\workspace\ray_tracer\opencl\smooth reflections [+orb camera] [+serialization]\raytracer ver.2.2\x64\release\raytracer.tlog\cl.command.1.tlog
g:\dev\workspace\ray_tracer\opencl\smooth reflections [+orb camera] [+serialization]\raytracer ver.2.2\x64\release\raytracer.tlog\cl.read.1.tlog
g:\dev\workspace\ray_tracer\opencl\smooth reflections [+orb camera] [+serialization]\raytracer ver.2.2\x64\release\raytracer.tlog\cl.write.1.tlog
g:\dev\workspace\ray_tracer\opencl\smooth reflections [+orb camera] [+serialization]\raytracer ver.2.2\x64\release\raytracer.tlog\link.command.1.tlog
g:\dev\workspace\ray_tracer\opencl\smooth reflections [+orb camera] [+serialization]\raytracer ver.2.2\x64\release\raytracer.tlog\link.read.1.tlog
g:\dev\workspace\ray_tracer\opencl\smooth reflections [+orb camera] [+serialization]\raytracer ver.2.2\x64\release\raytracer.tlog\link.write.1.tlog
g:\dev\workspace\ray_tracer\opencl\smooth reflections [+orb camera] [+serialization]\raytracer ver.2.2\x64\release\raytracer.tlog\raytracer.write.1u.tlog
